Build started 2017/1/9 上午 06:58:52.
     1>Project "D:\NCTU\ISM\Final Project\ARAPSM\ARAPSM\ARAPSM.vcxproj" on node 2 (Build target(s)).
     1>ClCompile:
         C:\Program Files (x86)\Microsoft Visual Studio 12.0\VC\bin\x86_amd64\CL.exe /c /IC:\OpenCV\opencv\build\include /I..\Lib\CSparse\Include /I..\Lib\Taucs /I..\Lib\Eigen /I..\Lib\glut /Zi /nologo /W3 /WX- /O2 /Oi /GL /D WIN32 /D NDEBUG /D _CONSOLE /D _LIB /D _UNICODE /D UNICODE /Gm- /EHsc /MD /GS /Gy /fp:precise /Zc:wchar_t /Zc:forScope /Fo"x64\Release\\" /Fd"x64\Release\vc120.pdb" /Gd /TP /errorReport:prompt UserDraw.cpp
         UserDraw.cpp
     1>C:\OpenCV\opencv\build\include\opencv2/core/mat.hpp(1965): warning C4819: The file contains a character that cannot be represented in the current code page (950). Save the file in Unicode format to prevent data loss
     1>C:\OpenCV\opencv\build\include\opencv2/core/persistence.hpp : warning C4819: The file contains a character that cannot be represented in the current code page (950). Save the file in Unicode format to prevent data loss
     1>C:\OpenCV\opencv\build\include\opencv2/core/utility.hpp : warning C4819: The file contains a character that cannot be represented in the current code page (950). Save the file in Unicode format to prevent data loss
     1>UserDraw.cpp(73): warning C4267: '=' : conversion from 'size_t' to 'int', possible loss of data
     1>UserDraw.cpp(143): warning C4244: 'argument' : conversion from 'double' to 'int', possible loss of data
     1>UserDraw.cpp(144): warning C4244: 'argument' : conversion from 'double' to 'int', possible loss of data
       Link:
         C:\Program Files (x86)\Microsoft Visual Studio 12.0\VC\bin\x86_amd64\link.exe /ERRORREPORT:PROMPT /OUT:"D:\NCTU\ISM\Final Project\ARAPSM\x64\Release\ARAPSM.exe" /INCREMENTAL:NO /NOLOGO /LIBPATH:..\Lib\CSparse\lib /LIBPATH:..\Lib\Taucs /LIBPATH:..\Lib\glut /LIBPATH:..\Lib\Eigen /LIBPATH:C:\OpenCV\opencv\build\x64\vc12\lib glut32.lib opencv_world310.lib kernel32.lib user32.lib gdi32.lib winspool.lib comdlg32.lib advapi32.lib shell32.lib ole32.lib oleaut32.lib uuid.lib odbc32.lib odbccp32.lib /MANIFEST /MANIFESTUAC:"level='asInvoker' uiAccess='false'" /manifest:embed /DEBUG /PDB:"D:\NCTU\ISM\Final Project\ARAPSM\x64\Release\ARAPSM.pdb" /SUBSYSTEM:CONSOLE /OPT:REF /OPT:ICF /LTCG /TLBID:1 /DYNAMICBASE /NXCOMPAT /IMPLIB:"D:\NCTU\ISM\Final Project\ARAPSM\x64\Release\ARAPSM.lib" /MACHINE:X64 x64\Release\mtxlib.obj
         x64\Release\Source.obj
         x64\Release\triangle.obj
         x64\Release\UserDraw.obj
         Generating code
         Finished generating code
         ARAPSM.vcxproj -> D:\NCTU\ISM\Final Project\ARAPSM\x64\Release\ARAPSM.exe
     1>Done Building Project "D:\NCTU\ISM\Final Project\ARAPSM\ARAPSM\ARAPSM.vcxproj" (Build target(s)).

Build succeeded.

Time Elapsed 00:00:02.05
